Date: Mon, 15 Nov 1999 20:59:37 -0700 (MST)
From: Oscar Barlow <>
Subject: Compiler error 2.3.28
Sender: linux-kernel-owner@vger.kernel.org
Precedence: bulk
List-ID: <linux-kernel.vger.kernel.org>
X-Mailing-List: linux-kernel@vger.kernel.org
X-Lkml-Link: https://lkml.org/lkml/1999/11/15/151

I get the following error when trying to compile 2.3.28.  2.3.26 works
fine.
setup.c:112: `slhc_install' undeclared here (not in a function)
setup.c:112: initializer element is not constant
setup.c:112: (near initialization for `pci_probes[0].probe')
make[3]: *** [setup.o] Error 1
make[2]: *** [first_rule] Error 2
make[1]: *** [_subdir_net] Error 2
make: *** [_dir_drivers] Error 2
Oscar Barlow
obarlow@milehi.alphacdc.com
-
To unsubscribe from this list: send the line "unsubscribe linux-kernel" in
the body of a message to majordomo@vger.rutgers.edu
Please read the FAQ at 
http://www.tux.org/lkml/