Date: 12 Nov 2002 10:00:12 -0600
From: Paul Larson <>
Subject: [2.5 bk current] Compile error in module.c
Sender: linux-kernel-owner@vger.kernel.org
Precedence: bulk
List-ID: <linux-kernel.vger.kernel.org>
X-Mailing-List: linux-kernel@vger.kernel.org
X-Lkml-Link: https://lkml.org/lkml/2002/11/12/122

The ltp nightly run last night failed to compile with the following
errors:
  gcc -Wp,-MD,kernel/.module.o.d -D__KERNEL__ -Iinclude -Wall
-Wstrict-prototypes -Wno-trigraphs -O2 -fomit-frame-pointer
-fno-strict-aliasing -fno-common -pipe -mpreferred-stack-boundary=2
-march=i686 -Iarch/i386/mach-generic -nostdinc -iwithprefix include   
-DKBUILD_BASENAME=module -DKBUILD_MODNAME=module -DEXPORT_SYMTAB  -c -o
kernel/module.o kernel/module.c
In file included from kernel/module.c:19:
include/linux/module.h:239: warning: `symbol_put' redefined
include/linux/module.h:57: warning: this is the location of the previous
definition
kernel/module.c:555: parse error before `do'
kernel/module.c:560: parse error before `do'
kernel/module.c:560: parse error before `&'
kernel/module.c:560: warning: type defaults to `int' in declaration of
`_raw_spin_lock'
kernel/module.c:560: warning: function declaration isn't a prototype
kernel/module.c:560: conflicting types for `_raw_spin_lock'
include/asm/spinlock.h:117: previous declaration of `_raw_spin_lock'
kernel/module.c:560: warning: data definition has no type or storage
class
kernel/module.c:561: warning: type defaults to `int' in declaration of
`ks'
kernel/module.c:561: braced-group within expression allowed only inside
a function
kernel/module.c:575: `symbol_put_addr' undeclared here (not in a
function)
kernel/module.c:575: initializer element is not constant
kernel/module.c:575: (near initialization for
`__ksymtab_symbol_put_addr.value')gcc: Internal compiler error: program
cc1 got fatal signal 11
make[1]: *** [kernel/module.o] Error 1
make: *** [kernel] Error 2
jeep:/kernel/bk/linux-2.5# {standard input}: Assembler messages:
{standard input}:0: Warning: end of file not at end of a line; newline
inserted
[unhandled content-type:application/pgp-signature]