Date: Mon, 26 Mar 2001 17:21:49 -0700
From: "Art Wagner" <>
Subject: 2.4.2-ac25 Compile error in es1370.c
Sender: linux-kernel-owner@vger.kernel.org
Precedence: bulk
List-ID: <linux-kernel.vger.kernel.org>
X-Mailing-List: linux-kernel@vger.kernel.org
X-Lkml-Link: https://lkml.org/lkml/2001/3/26/207

Alan;
I got the attached compile error in /drivers/sound/es1370.c.
If any further information might be helpful please e-mail me or 
post to LKML.
Art Wagner
awagner@qwest.net
make[2]: Leaving directory `/usr/src/linux-2.4.2-ac/drivers/scsi'
make[2]: Entering directory `/usr/src/linux-2.4.2-ac/drivers/video'
make -C aty modules
make[3]: Entering directory `/usr/src/linux-2.4.2-ac/drivers/usb/storage'
ld -m elf_i386 -r -o usb-storage.o scsiglue.o protocol.o transport.o usb.o initializers.o debug.o freecom.o
make[3]: Leaving directory `/usr/src/linux-2.4.2-ac/drivers/usb/storage'
make[2]: Leaving directory `/usr/src/linux-2.4.2-ac/drivers/usb'
make[3]: Entering directory `/usr/src/linux-2.4.2-ac/drivers/video/aty'
make[3]: Nothing to be done for `modules'.
make[3]: Leaving directory `/usr/src/linux-2.4.2-ac/drivers/video/aty'
make[2]: Leaving directory `/usr/src/linux-2.4.2-ac/drivers/video'
es1370.c: In function `es1370_probe':
es1370.c:2667: structure has no member named `trigger'
es1370.c:2667: structure has no member named `read'
make[2]: *** [es1370.o] Error 1
make[2]: Leaving directory `/usr/src/linux-2.4.2-ac/drivers/sound'
make[1]: *** [_modsubdir_sound] Error 2
make[1]: Leaving directory `/usr/src/linux-2.4.2-ac/drivers'
make: *** [_mod_drivers] Error 2