Date: 03 May 2003 09:59:49 +0100
From: Anders Karlsson <>
Subject: Re: Compile error kernel 2.4.21-rc1
Sender: linux-kernel-owner@vger.kernel.org
Precedence: bulk
List-ID: <linux-kernel.vger.kernel.org>
X-Mailing-List: linux-kernel@vger.kernel.org
X-Lkml-Link: https://lkml.org/lkml/2003/5/3/12

On Sat, 2003-05-03 at 08:27, Anders Karlsson wrote:
> On Sat, 2003-05-03 at 06:02, Anders Karlsson wrote:
> > Hi,
> > 
> > Just tried to compile kernel 2.4.21-rc1 and I get the compile error as
> > per attached file 'compile_error.txt'. The config file used is also
> > attached. This happened while doing 'make rpm'. This is being compiled
> > on SuSE Pro 8.2 which is using GCC 3.3.
> > 
> > I'll happily try out patches.
> 
> Found another compile error. Again attached in 'compile_error.txt'.
> 
And another one.
/Anders
gcc -D__KERNEL__ -I/usr/src/packages/BUILD/kernel-2.4.21rc1/include -Wall -Wstrict-prototypes -Wno-trigraphs -O2 -fno-strict-aliasing -fno-common -fomit-frame-pointer -pipe -mpreferred-stack-boundary=2 -march=i686 -DMODULE -DMODVERSIONS -include /usr/src/packages/BUILD/kernel-2.4.21rc1/include/linux/modversions.h  -nostdinc -iwithprefix include -DKBUILD_BASENAME=olympic  -c -o olympic.o olympic.c
olympic.c:658:16: missing terminating " character
olympic.c:659:7: missing terminating " character
olympic.c: In function `olympic_rx':
olympic.c:858: warning: signed and unsigned type in conditional expression
olympic.c: At top level:
/usr/src/packages/BUILD/kernel-2.4.21rc1/include/linux/module.h:299: warning: `__module_kernel_version' defined but not used
/usr/src/packages/BUILD/kernel-2.4.21rc1/include/linux/module.h:302: warning: `__module_using_checksums' defined but not used
olympic.c:1805: warning: `__module_license' defined but not used
make[4]: *** [olympic.o] Error 1
make[4]: Leaving directory `/usr/src/packages/BUILD/kernel-2.4.21rc1/drivers/net/tokenring'
make[3]: *** [_modsubdir_tokenring] Error 2
make[3]: Leaving directory `/usr/src/packages/BUILD/kernel-2.4.21rc1/drivers/net'
make[2]: *** [_modsubdir_net] Error 2
make[2]: Leaving directory `/usr/src/packages/BUILD/kernel-2.4.21rc1/drivers'
make[1]: *** [_mod_drivers] Error 2
make[1]: Leaving directory `/usr/src/packages/BUILD/kernel-2.4.21rc1'
Bad exit status from /var/tmp/rpm-tmp.64597 (%build)
make: *** [rpm] Error 1
[unhandled content-type:application/pgp-signature]